======================================================================
DOWNLOADING REAL ADDON ICONS FROM OFFICIAL SOURCES
======================================================================

📦 adguardhome-sync
   Repo: https://github.com/AdguardTeam/AdGuardHome-sync
   Trying: logo.svg, icon.png, assets/logo.svg...
   → https://rawhubusercontent.com/AdguardTeam/AdGuardHome-sync/master/logo.svg
   → https://rawhubusercontent.com/AdguardTeam/AdGuardHome-sync/main/logo.svg
   → https://rawhubusercontent.com/AdguardTeam/AdGuardHome-sync/develop/logo.svg
   → https://rawhubusercontent.com/AdguardTeam/AdGuardHome-sync/master/icon.png
   → https://rawhubusercontent.com/AdguardTeam/AdGuardHome-sync/main/icon.png
   → https://rawhubusercontent.com/AdguardTeam/AdGuardHome-sync/develop/icon.png
   → https://rawhubusercontent.com/AdguardTeam/AdGuardHome-sync/master/assets/logo.svg
   → https://rawhubusercontent.com/AdguardTeam/AdGuardHome-sync/main/assets/logo.svg
   → https://rawhubusercontent.com/AdguardTeam/AdGuardHome-sync/develop/assets/logo.svg
   ✗ Could not find icon

📦 airsonic-advanced
   Repo: https://github.com/airsonic/airsonic-advanced
   Trying: logo.svg, airsonic-ui/ui-common/public/assets/logo.svg, assets/logo.svg...
   → https://rawhubusercontent.com/airsonic/airsonic-advanced/master/logo.svg
   → https://rawhubusercontent.com/airsonic/airsonic-advanced/main/logo.svg
   → https://rawhubusercontent.com/airsonic/airsonic-advanced/develop/logo.svg
   → https://rawhubusercontent.com/airsonic/airsonic-advanced/master/airsonic-ui/ui-common/public/assets/logo.svg
   → https://rawhubusercontent.com/airsonic/airsonic-advanced/main/airsonic-ui/ui-common/public/assets/logo.svg
   → https://rawhubusercontent.com/airsonic/airsonic-advanced/develop/airsonic-ui/ui-common/public/assets/logo.svg
   → https://rawhubusercontent.com/airsonic/airsonic-advanced/master/assets/logo.svg
   → https://rawhubusercontent.com/airsonic/airsonic-advanced/main/assets/logo.svg
   → https://rawhubusercontent.com/airsonic/airsonic-advanced/develop/assets/logo.svg
   ✗ Could not find icon

📦 apprise-api
   Repo: https://github.com/caronc/apprise-api
   Trying: apprise/assets/apprise-logo.png, logo.png, apprise-logo.png...
   → https://rawhubusercontent.com/caronc/apprise-api/master/apprise/assets/apprise-logo.png
   → https://rawhubusercontent.com/caronc/apprise-api/main/apprise/assets/apprise-logo.png
   → https://rawhubusercontent.com/caronc/apprise-api/develop/apprise/assets/apprise-logo.png
   → https://rawhubusercontent.com/caronc/apprise-api/master/logo.png
   → https://rawhubusercontent.com/caronc/apprise-api/main/logo.png
   → https://rawhubusercontent.com/caronc/apprise-api/develop/logo.png
   → https://rawhubusercontent.com/caronc/apprise-api/master/apprise-logo.png
   → https://rawhubusercontent.com/caronc/apprise-api/main/apprise-logo.png
   → https://rawhubusercontent.com/caronc/apprise-api/develop/apprise-logo.png
   ✗ Could not find icon

📦 audiobookshelf
   Repo: https://github.com/advplyr/audiobookshelf
   Trying: client/public/logo.svg, logo.svg...
   → https://rawhubusercontent.com/advplyr/audiobookshelf/master/client/public/logo.svg
   → https://rawhubusercontent.com/advplyr/audiobookshelf/main/client/public/logo.svg
   → https://rawhubusercontent.com/advplyr/audiobookshelf/develop/client/public/logo.svg
   → https://rawhubusercontent.com/advplyr/audiobookshelf/master/logo.svg
   → https://rawhubusercontent.com/advplyr/audiobookshelf/main/logo.svg
   → https://rawhubusercontent.com/advplyr/audiobookshelf/develop/logo.svg
   ✗ Could not find icon

📦 babybuddy
   Repo: https://github.com/babybuddy/babybuddy
   Trying: core/static/logo.png, logo.png, icon.png...
   → https://rawhubusercontent.com/babybuddy/babybuddy/master/core/static/logo.png
   → https://rawhubusercontent.com/babybuddy/babybuddy/main/core/static/logo.png
   → https://rawhubusercontent.com/babybuddy/babybuddy/develop/core/static/logo.png
   → https://rawhubusercontent.com/babybuddy/babybuddy/master/logo.png
   → https://rawhubusercontent.com/babybuddy/babybuddy/main/logo.png
   → https://rawhubusercontent.com/babybuddy/babybuddy/develop/logo.png
   → https://rawhubusercontent.com/babybuddy/babybuddy/master/icon.png
   → https://rawhubusercontent.com/babybuddy/babybuddy/main/icon.png
   → https://rawhubusercontent.com/babybuddy/babybuddy/develop/icon.png
   ✗ Could not find icon

📦 beets
   Repo: https://github.com/beetbox/beets
   Trying: docs/_static/beets-logo.png, beets-logo.png...
   → https://rawhubusercontent.com/beetbox/beets/master/docs/_static/beets-logo.png
   → https://rawhubusercontent.com/beetbox/beets/main/docs/_static/beets-logo.png
   → https://rawhubusercontent.com/beetbox/beets/develop/docs/_static/beets-logo.png
   → https://rawhubusercontent.com/beetbox/beets/master/beets-logo.png
   → https://rawhubusercontent.com/beetbox/beets/main/beets-logo.png
   → https://rawhubusercontent.com/beetbox/beets/develop/beets-logo.png
   ✗ Could not find icon

📦 bookstack
   Repo: https://github.com/BookStackApp/BookStack
   Trying: resources/images/logo.png, logo.png...
   → https://rawhubusercontent.com/BookStackApp/BookStack/master/resources/images/logo.png
   → https://rawhubusercontent.com/BookStackApp/BookStack/main/resources/images/logo.png
   → https://rawhubusercontent.com/BookStackApp/BookStack/develop/resources/images/logo.png
   → https://rawhubusercontent.com/BookStackApp/BookStack/master/logo.png
   → https://rawhubusercontent.com/BookStackApp/BookStack/main/logo.png
   → https://rawhubusercontent.com/BookStackApp/BookStack/develop/logo.png
   ✗ Could not find icon

📦 code-server
   Repo: https://github.com/coder/code-server
   Trying: resources/logo.svg, logo.svg...
   → https://rawhubusercontent.com/coder/code-server/master/resources/logo.svg
   → https://rawhubusercontent.com/coder/code-server/main/resources/logo.svg
   → https://rawhubusercontent.com/coder/code-server/develop/resources/logo.svg
   → https://rawhubusercontent.com/coder/code-server/master/logo.svg
   → https://rawhubusercontent.com/coder/code-server/main/logo.svg
   → https://rawhubusercontent.com/coder/code-server/develop/logo.svg
   ✗ Could not find icon

📦 cops
   Repo: https://github.com/seblucas/cops
   Trying: res/logo.png, logo.png...
   → https://rawhubusercontent.com/seblucas/cops/master/res/logo.png
   → https://rawhubusercontent.com/seblucas/cops/main/res/logo.png
   → https://rawhubusercontent.com/seblucas/cops/develop/res/logo.png
   → https://rawhubusercontent.com/seblucas/cops/master/logo.png
   → https://rawhubusercontent.com/seblucas/cops/main/logo.png
   → https://rawhubusercontent.com/seblucas/cops/develop/logo.png
   ✗ Could not find icon

📦 darktable
   Repo: https://github.com/darktable-org/darktable
   Trying: src/external/logo.svg, logo.svg...
   → https://rawhubusercontent.com/darktable-org/darktable/master/src/external/logo.svg
   → https://rawhubusercontent.com/darktable-org/darktable/main/src/external/logo.svg
   → https://rawhubusercontent.com/darktable-org/darktable/develop/src/external/logo.svg
   → https://rawhubusercontent.com/darktable-org/darktable/master/logo.svg
   → https://rawhubusercontent.com/darktable-org/darktable/main/logo.svg
   → https://rawhubusercontent.com/darktable-org/darktable/develop/logo.svg
   ✗ Could not find icon

📦 davos
   Repo: https://github.com/MrCryptic/Davos
   Trying: icon.png, logo.png...
   → https://rawhubusercontent.com/MrCryptic/Davos/master/icon.png
   → https://rawhubusercontent.com/MrCryptic/Davos/main/icon.png
   → https://rawhubusercontent.com/MrCryptic/Davos/develop/icon.png
   → https://rawhubusercontent.com/MrCryptic/Davos/master/logo.png
   → https://rawhubusercontent.com/MrCryptic/Davos/main/logo.png
   → https://rawhubusercontent.com/MrCryptic/Davos/develop/logo.png
   ✗ Could not find icon

📦 ddclient
   Repo: https://github.com/ddclient/ddclient
   Trying: docs/logo.png, logo.png...
   → https://rawhubusercontent.com/ddclient/ddclient/master/docs/logo.png
   → https://rawhubusercontent.com/ddclient/ddclient/main/docs/logo.png
   → https://rawhubusercontent.com/ddclient/ddclient/develop/docs/logo.png
   → https://rawhubusercontent.com/ddclient/ddclient/master/logo.png
   → https://rawhubusercontent.com/ddclient/ddclient/main/logo.png
   → https://rawhubusercontent.com/ddclient/ddclient/develop/logo.png
   ✗ Could not find icon

📦 deluge
   Repo: https://github.com/deluge-torrent/deluge
   Trying: deluge/ui/web/images/icon.png, icon.png...
   → https://rawhubusercontent.com/deluge-torrent/deluge/master/deluge/ui/web/images/icon.png
   → https://rawhubusercontent.com/deluge-torrent/deluge/main/deluge/ui/web/images/icon.png
   → https://rawhubusercontent.com/deluge-torrent/deluge/develop/deluge/ui/web/images/icon.png
   → https://rawhubusercontent.com/deluge-torrent/deluge/master/icon.png
   → https://rawhubusercontent.com/deluge-torrent/deluge/main/icon.png
   → https://rawhubusercontent.com/deluge-torrent/deluge/develop/icon.png
   ✗ Could not find icon

📦 diskover
   Repo: https://github.com/shirosaidev/diskover
   Trying: docs/diskover_logo.png, logo.png...
   → https://rawhubusercontent.com/shirosaidev/diskover/master/docs/diskover_logo.png
   → https://rawhubusercontent.com/shirosaidev/diskover/main/docs/diskover_logo.png
   → https://rawhubusercontent.com/shirosaidev/diskover/develop/docs/diskover_logo.png
   → https://rawhubusercontent.com/shirosaidev/diskover/master/logo.png
   → https://rawhubusercontent.com/shirosaidev/diskover/main/logo.png
   → https://rawhubusercontent.com/shirosaidev/diskover/develop/logo.png
   ✗ Could not find icon

📦 dokuwiki
   Repo: https://github.com/dokuwiki/dokuwiki
   Trying: images/logo.png, logo.png...
   → https://rawhubusercontent.com/dokuwiki/dokuwiki/master/images/logo.png
   → https://rawhubusercontent.com/dokuwiki/dokuwiki/main/images/logo.png
   → https://rawhubusercontent.com/dokuwiki/dokuwiki/develop/images/logo.png
   → https://rawhubusercontent.com/dokuwiki/dokuwiki/master/logo.png
   → https://rawhubusercontent.com/dokuwiki/dokuwiki/main/logo.png
   → https://rawhubusercontent.com/dokuwiki/dokuwiki/develop/logo.png
   ✗ Could not find icon

📦 doplarr
   Repo: https://github.com/MrSir/doplarr
   Trying: assets/doplarr.png, logo.png...
   → https://rawhubusercontent.com/MrSir/doplarr/master/assets/doplarr.png
   → https://rawhubusercontent.com/MrSir/doplarr/main/assets/doplarr.png
   → https://rawhubusercontent.com/MrSir/doplarr/develop/assets/doplarr.png
   → https://rawhubusercontent.com/MrSir/doplarr/master/logo.png
   → https://rawhubusercontent.com/MrSir/doplarr/main/logo.png
   → https://rawhubusercontent.com/MrSir/doplarr/develop/logo.png
   ✗ Could not find icon

📦 duckdns
   Repo: https://github.com/MrRaph84/ddclient
   Trying: logo.png, icon.png...
   → https://rawhubusercontent.com/MrRaph84/ddclient/master/logo.png
   → https://rawhubusercontent.com/MrRaph84/ddclient/main/logo.png
   → https://rawhubusercontent.com/MrRaph84/ddclient/develop/logo.png
   → https://rawhubusercontent.com/MrRaph84/ddclient/master/icon.png
   → https://rawhubusercontent.com/MrRaph84/ddclient/main/icon.png
   → https://rawhubusercontent.com/MrRaph84/ddclient/develop/icon.png
   ✗ Could not find icon

📦 duplicati
   Repo: https://github.com/duplicati/duplicati
   Trying: Duplicati/GUI/Duplicati.GUI.TrayIcon/duplicati.svg, logo.svg...
   → https://rawhubusercontent.com/duplicati/duplicati/master/Duplicati/GUI/Duplicati.GUI.TrayIcon/duplicati.svg
   → https://rawhubusercontent.com/duplicati/duplicati/main/Duplicati/GUI/Duplicati.GUI.TrayIcon/duplicati.svg
   → https://rawhubusercontent.com/duplicati/duplicati/develop/Duplicati/GUI/Duplicati.GUI.TrayIcon/duplicati.svg
   → https://rawhubusercontent.com/duplicati/duplicati/master/logo.svg
   → https://rawhubusercontent.com/duplicati/duplicati/main/logo.svg
   → https://rawhubusercontent.com/duplicati/duplicati/develop/logo.svg
   ✗ Could not find icon

📦 fail2ban
   Repo: https://github.com/fail2ban/fail2ban
   Trying: logo.png, icon.png...
   → https://rawhubusercontent.com/fail2ban/fail2ban/master/logo.png
   → https://rawhubusercontent.com/fail2ban/fail2ban/main/logo.png
   → https://rawhubusercontent.com/fail2ban/fail2ban/develop/logo.png
   → https://rawhubusercontent.com/fail2ban/fail2ban/master/icon.png
   → https://rawhubusercontent.com/fail2ban/fail2ban/main/icon.png
   → https://rawhubusercontent.com/fail2ban/fail2ban/develop/icon.png
   ✗ Could not find icon

📦 faster-whisper
   Repo: https://github.com/SYSTRAN/faster-whisper
   Trying: logo.png, icon.png...
   → https://rawhubusercontent.com/SYSTRAN/faster-whisper/master/logo.png
   → https://rawhubusercontent.com/SYSTRAN/faster-whisper/main/logo.png
   → https://rawhubusercontent.com/SYSTRAN/faster-whisper/develop/logo.png
   → https://rawhubusercontent.com/SYSTRAN/faster-whisper/master/icon.png
   → https://rawhubusercontent.com/SYSTRAN/faster-whisper/main/icon.png
   → https://rawhubusercontent.com/SYSTRAN/faster-whisper/develop/icon.png
   ✗ Could not find icon

📊 Progress: 0 success, 20 failed, 0 skipped

📦 ferdium
   Repo: https://github.com/ferdium/ferdium-app
   Trying: icon.png, logo.svg...
   → https://rawhubusercontent.com/ferdium/ferdium-app/master/icon.png
   → https://rawhubusercontent.com/ferdium/ferdium-app/main/icon.png
   → https://rawhubusercontent.com/ferdium/ferdium-app/develop/icon.png
   → https://rawhubusercontent.com/ferdium/ferdium-app/master/logo.svg
   → https://rawhubusercontent.com/ferdium/ferdium-app/main/logo.svg
   → https://rawhubusercontent.com/ferdium/ferdium-app/develop/logo.svg
   ✗ Could not find icon

📦 freshrss
   Repo: https://github.com/FreshRSS/FreshRSS
   Trying: p/themes/Swanson/img/logo.png, logo.png...
   → https://rawhubusercontent.com/FreshRSS/FreshRSS/master/p/themes/Swanson/img/logo.png
   → https://rawhubusercontent.com/FreshRSS/FreshRSS/main/p/themes/Swanson/img/logo.png
   → https://rawhubusercontent.com/FreshRSS/FreshRSS/develop/p/themes/Swanson/img/logo.png
   → https://rawhubusercontent.com/FreshRSS/FreshRSS/master/logo.png
   → https://rawhubusercontent.com/FreshRSS/FreshRSS/main/logo.png
   → https://rawhubusercontent.com/FreshRSS/FreshRSS/develop/logo.png
   ✗ Could not find icon

📦 grocy
   Repo: https://github.com/grocy/grocy
   Trying: public/img/logo.png, logo.png...
   → https://rawhubusercontent.com/grocy/grocy/master/public/img/logo.png
   → https://rawhubusercontent.com/grocy/grocy/main/public/img/logo.png
   → https://rawhubusercontent.com/grocy/grocy/develop/public/img/logo.png
   → https://rawhubusercontent.com/grocy/grocy/master/logo.png
   → https://rawhubusercontent.com/grocy/grocy/main/logo.png
   → https://rawhubusercontent.com/grocy/grocy/develop/logo.png
   ✗ Could not find icon

📦 habridge
   Repo: https://github.com/bwssytems/ha-bridge
   Trying: branding.png, logo.png...
   → https://rawhubusercontent.com/bwssytems/ha-bridge/master/branding.png
   → https://rawhubusercontent.com/bwssytems/ha-bridge/main/branding.png
   → https://rawhubusercontent.com/bwssytems/ha-bridge/develop/branding.png
   → https://rawhubusercontent.com/bwssytems/ha-bridge/master/logo.png
   → https://rawhubusercontent.com/bwssytems/ha-bridge/main/logo.png
   → https://rawhubusercontent.com/bwssytems/ha-bridge/develop/logo.png
   ✗ Could not find icon

📦 haproxy
   Repo: https://github.com/haproxy/haproxy
   Trying: logo.svg, haproxy-logo.png...
   → https://rawhubusercontent.com/haproxy/haproxy/master/logo.svg
   → https://rawhubusercontent.com/haproxy/haproxy/main/logo.svg
   → https://rawhubusercontent.com/haproxy/haproxy/develop/logo.svg
   → https://rawhubusercontent.com/haproxy/haproxy/master/haproxy-logo.png
   → https://rawhubusercontent.com/haproxy/haproxy/main/haproxy-logo.png
   → https://rawhubusercontent.com/haproxy/haproxy/develop/haproxy-logo.png
   ✗ Could not find icon

📦 healthchecks
   Repo: https://github.com/healthchecks/healthchecks
   Trying: static/img/logo.png, static/logo.png, logo.png...
   → https://rawhubusercontent.com/healthchecks/healthchecks/master/static/img/logo.png
   → https://rawhubusercontent.com/healthchecks/healthchecks/main/static/img/logo.png
   → https://rawhubusercontent.com/healthchecks/healthchecks/develop/static/img/logo.png
   → https://rawhubusercontent.com/healthchecks/healthchecks/master/static/logo.png
   → https://rawhubusercontent.com/healthchecks/healthchecks/main/static/logo.png
   → https://rawhubusercontent.com/healthchecks/healthchecks/develop/static/logo.png
   → https://rawhubusercontent.com/healthchecks/healthchecks/master/logo.png
   → https://rawhubusercontent.com/healthchecks/healthchecks/main/logo.png
   → https://rawhubusercontent.com/healthchecks/healthchecks/develop/logo.png
   ✗ Could not find icon

📦 hedgedoc
   Repo: https://github.com/hedgedoc/hedgedoc
   Trying: public/logos/logo.svg, logo.svg...
   → https://rawhubusercontent.com/hedgedoc/hedgedoc/master/public/logos/logo.svg
   → https://rawhubusercontent.com/hedgedoc/hedgedoc/main/public/logos/logo.svg
   → https://rawhubusercontent.com/hedgedoc/hedgedoc/develop/public/logos/logo.svg
   → https://rawhubusercontent.com/hedgedoc/hedgedoc/master/logo.svg
   → https://rawhubusercontent.com/hedgedoc/hedgedoc/main/logo.svg
   → https://rawhubusercontent.com/hedgedoc/hedgedoc/develop/logo.svg
   ✗ Could not find icon

📦 heimdall
   Repo: https://github.com/linuxserver/Heimdall
   Trying: resources/logo.png, logo.png...
   → https://rawhubusercontent.com/linuxserver/Heimdall/master/resources/logo.png
   → https://rawhubusercontent.com/linuxserver/Heimdall/main/resources/logo.png
   → https://rawhubusercontent.com/linuxserver/Heimdall/develop/resources/logo.png
   → https://rawhubusercontent.com/linuxserver/Heimdall/master/logo.png
   → https://rawhubusercontent.com/linuxserver/Heimdall/main/logo.png
   → https://rawhubusercontent.com/linuxserver/Heimdall/develop/logo.png
   ✗ Could not find icon

📦 hisshtory-server
   Repo: https://github.com/pomdtr/hisshtory
   Trying: logo.png, assets/logo.png...
   → https://rawhubusercontent.com/pomdtr/hisshtory/master/logo.png
   → https://rawhubusercontent.com/pomdtr/hisshtory/main/logo.png
   → https://rawhubusercontent.com/pomdtr/hisshtory/develop/logo.png
   → https://rawhubusercontent.com/pomdtr/hisshtory/master/assets/logo.png
   → https://rawhubusercontent.com/pomdtr/hisshtory/main/assets/logo.png
   → https://rawhubusercontent.com/pomdtr/hisshtory/develop/assets/logo.png
   ✗ Could not find icon

📦 homeassistant
   Repo: https://github.com/home-assistant/core
   Trying: homeassistant/components/demo/icon.png, logo.png...
   → https://rawhubusercontent.com/home-assistant/core/master/homeassistant/components/demo/icon.png
   → https://rawhubusercontent.com/home-assistant/core/main/homeassistant/components/demo/icon.png
   → https://rawhubusercontent.com/home-assistant/core/develop/homeassistant/components/demo/icon.png
   → https://rawhubusercontent.com/home-assistant/core/master/logo.png
   → https://rawhubusercontent.com/home-assistant/core/main/logo.png
   → https://rawhubusercontent.com/home-assistant/core/develop/logo.png
   ✗ Could not find icon

📦 htpcmanager
   Repo: https://github.com/Ysatir/HTPC-Manager
   Trying: logo.png, icon.png...
   → https://rawhubusercontent.com/Ysatir/HTPC-Manager/master/logo.png
   → https://rawhubusercontent.com/Ysatir/HTPC-Manager/main/logo.png
   → https://rawhubusercontent.com/Ysatir/HTPC-Manager/develop/logo.png
   → https://rawhubusercontent.com/Ysatir/HTPC-Manager/master/icon.png
   → https://rawhubusercontent.com/Ysatir/HTPC-Manager/main/icon.png
   → https://rawhubusercontent.com/Ysatir/HTPC-Manager/develop/icon.png
   ✗ Could not find icon

📦 kavita
   Repo: https://github.com/Kareadita/Kavita
   Trying: logo.png, icon.png...
   → https://rawhubusercontent.com/Kareadita/Kavita/master/logo.png
   → https://rawhubusercontent.com/Kareadita/Kavita/main/logo.png
   → https://rawhubusercontent.com/Kareadita/Kavita/develop/logo.png
   → https://rawhubusercontent.com/Kareadita/Kavita/master/icon.png
   → https://rawhubusercontent.com/Kareadita/Kavita/main/icon.png
   → https://rawhubusercontent.com/Kareadita/Kavita/develop/icon.png
   ✗ Could not find icon

📦 kimai
   Repo: https://github.com/kevinpapst/kimai2
   Trying: public/logo.png, logo.png...
   → https://rawhubusercontent.com/kevinpapst/kimai2/master/public/logo.png
   → https://rawhubusercontent.com/kevinpapst/kimai2/main/public/logo.png
   → https://rawhubusercontent.com/kevinpapst/kimai2/develop/public/logo.png
   → https://rawhubusercontent.com/kevinpapst/kimai2/master/logo.png
   → https://rawhubusercontent.com/kevinpapst/kimai2/main/logo.png
   → https://rawhubusercontent.com/kevinpapst/kimai2/develop/logo.png
   ✗ Could not find icon

📦 lazylibrarian
   Repo: https://github.com/LazyLibrarian/LazyLibrarian
   Trying: icon.png, logo.png...
   → https://rawhubusercontent.com/LazyLibrarian/LazyLibrarian/master/icon.png
   → https://rawhubusercontent.com/LazyLibrarian/LazyLibrarian/main/icon.png
   → https://rawhubusercontent.com/LazyLibrarian/LazyLibrarian/develop/icon.png
   → https://rawhubusercontent.com/LazyLibrarian/LazyLibrarian/master/logo.png
   → https://rawhubusercontent.com/LazyLibrarian/LazyLibrarian/main/logo.png
   → https://rawhubusercontent.com/LazyLibrarian/LazyLibrarian/develop/logo.png
   ✗ Could not find icon

📦 ldap-auth
   Repo: https://github.com/linuxserver/docker-ldap-auth
   Trying: logo.png, icon.png...
   → https://rawhubusercontent.com/linuxserver/docker-ldap-auth/master/logo.png
   → https://rawhubusercontent.com/linuxserver/docker-ldap-auth/main/logo.png
   → https://rawhubusercontent.com/linuxserver/docker-ldap-auth/develop/logo.png
   → https://rawhubusercontent.com/linuxserver/docker-ldap-auth/master/icon.png
   → https://rawhubusercontent.com/linuxserver/docker-ldap-auth/main/icon.png
   → https://rawhubusercontent.com/linuxserver/docker-ldap-auth/develop/icon.png
   ✗ Could not find icon

📦 lightrag
   Repo: https://github.com/PCJWC/LightRAG
   Trying: assets/logo.png, logo.png...
   → https://rawhubusercontent.com/PCJWC/LightRAG/master/assets/logo.png
   → https://rawhubusercontent.com/PCJWC/LightRAG/main/assets/logo.png
   → https://rawhubusercontent.com/PCJWC/LightRAG/develop/assets/logo.png
   → https://rawhubusercontent.com/PCJWC/LightRAG/master/logo.png
   → https://rawhubusercontent.com/PCJWC/LightRAG/main/logo.png
   → https://rawhubusercontent.com/PCJWC/LightRAG/develop/logo.png
   ✗ Could not find icon

📦 lychee
   Repo: https://github.com/LycheeOrg/Lychee
   Trying: resources/logo.png, logo.png...
   → https://rawhubusercontent.com/LycheeOrg/Lychee/master/resources/logo.png
   → https://rawhubusercontent.com/LycheeOrg/Lychee/main/resources/logo.png
   → https://rawhubusercontent.com/LycheeOrg/Lychee/develop/resources/logo.png
   → https://rawhubusercontent.com/LycheeOrg/Lychee/master/logo.png
   → https://rawhubusercontent.com/LycheeOrg/Lychee/main/logo.png
   → https://rawhubusercontent.com/LycheeOrg/Lychee/develop/logo.png
   ✗ Could not find icon

📦 mariadb
   Repo: https://github.com/MariaDB/mariadb-docker
   Trying: logo.svg, icon.svg...
   → https://rawhubusercontent.com/MariaDB/mariadb-docker/master/logo.svg
   → https://rawhubusercontent.com/MariaDB/mariadb-docker/main/logo.svg
   → https://rawhubusercontent.com/MariaDB/mariadb-docker/develop/logo.svg
   → https://rawhubusercontent.com/MariaDB/mariadb-docker/master/icon.svg
   → https://rawhubusercontent.com/MariaDB/mariadb-docker/main/icon.svg
   → https://rawhubusercontent.com/MariaDB/mariadb-docker/develop/icon.svg
   ✗ Could not find icon

📦 mastodon
   Repo: https://github.com/mastodon/mastodon
   Trying: public/assets/images/logo.svg, logo.svg...
   → https://rawhubusercontent.com/mastodon/mastodon/master/public/assets/images/logo.svg
   → https://rawhubusercontent.com/mastodon/mastodon/main/public/assets/images/logo.svg
   → https://rawhubusercontent.com/mastodon/mastodon/develop/public/assets/images/logo.svg
   → https://rawhubusercontent.com/mastodon/mastodon/master/logo.svg
   → https://rawhubusercontent.com/mastodon/mastodon/main/logo.svg
   → https://rawhubusercontent.com/mastodon/mastodon/develop/logo.svg
   ✗ Could not find icon

📦 medusa
   Repo: https://github.com/pymedusa/Medusa
   Trying: medusa/gui/slick/images/logo.png, logo.png...
   → https://rawhubusercontent.com/pymedusa/Medusa/master/medusa/gui/slick/images/logo.png
   → https://rawhubusercontent.com/pymedusa/Medusa/main/medusa/gui/slick/images/logo.png
   → https://rawhubusercontent.com/pymedusa/Medusa/develop/medusa/gui/slick/images/logo.png
   → https://rawhubusercontent.com/pymedusa/Medusa/master/logo.png
   → https://rawhubusercontent.com/pymedusa/Medusa/main/logo.png
   → https://rawhubusercontent.com/pymedusa/Medusa/develop/logo.png
   ✗ Could not find icon

📊 Progress: 0 success, 40 failed, 0 skipped

📦 minisatip
   Repo: https://github.com/catalinii/minisatip
   Trying: logo.png, icon.png...
   → https://rawhubusercontent.com/catalinii/minisatip/master/logo.png
   → https://rawhubusercontent.com/catalinii/minisatip/main/logo.png
   → https://rawhubusercontent.com/catalinii/minisatip/develop/logo.png
   → https://rawhubusercontent.com/catalinii/minisatip/master/icon.png
   → https://rawhubusercontent.com/catalinii/minisatip/main/icon.png
   → https://rawhubusercontent.com/catalinii/minisatip/develop/icon.png
   ✗ Could not find icon

📦 mstream
   Repo: https://github.com/IrosTheBeggar/mstream
   Trying: logo.svg, public/logo.svg...
   → https://rawhubusercontent.com/IrosTheBeggar/mstream/master/logo.svg
   → https://rawhubusercontent.com/IrosTheBeggar/mstream/main/logo.svg
   → https://rawhubusercontent.com/IrosTheBeggar/mstream/develop/logo.svg
   → https://rawhubusercontent.com/IrosTheBeggar/mstream/master/public/logo.svg
   → https://rawhubusercontent.com/IrosTheBeggar/mstream/main/public/logo.svg
   → https://rawhubusercontent.com/IrosTheBeggar/mstream/develop/public/logo.svg
   ✗ Could not find icon

📦 netbox
   Repo: https://github.com/netbox-community/netbox
   Trying: docs/logo.png, logo.png...
   → https://rawhubusercontent.com/netbox-community/netbox/master/docs/logo.png
   → https://rawhubusercontent.com/netbox-community/netbox/main/docs/logo.png
   → https://rawhubusercontent.com/netbox-community/netbox/develop/docs/logo.png
   → https://rawhubusercontent.com/netbox-community/netbox/master/logo.png
   → https://rawhubusercontent.com/netbox-community/netbox/main/logo.png
   → https://rawhubusercontent.com/netbox-community/netbox/develop/logo.png
   ✗ Could not find icon

📦 nginx
   Repo: https://github.com/nginx/nginx
   Trying: logo.svg, nginx-logo.svg...
   → https://rawhubusercontent.com/nginx/nginx/master/logo.svg
   → https://rawhubusercontent.com/nginx/nginx/main/logo.svg
   → https://rawhubusercontent.com/nginx/nginx/develop/logo.svg
   → https://rawhubusercontent.com/nginx/nginx/master/nginx-logo.svg
   → https://rawhubusercontent.com/nginx/nginx/main/nginx-logo.svg
   → https://rawhubusercontent.com/nginx/nginx/develop/nginx-logo.svg
   ✗ Could not find icon

📦 ngircd
   Repo: https://github.com/ngircd/ngircd
   Trying: doc/images/ngircd.png, logo.png...
   → https://rawhubusercontent.com/ngircd/ngircd/master/doc/images/ngircd.png
   → https://rawhubusercontent.com/ngircd/ngircd/main/doc/images/ngircd.png
   → https://rawhubusercontent.com/ngircd/ngircd/develop/doc/images/ngircd.png
   → https://rawhubusercontent.com/ngircd/ngircd/master/logo.png
   → https://rawhubusercontent.com/ngircd/ngircd/main/logo.png
   → https://rawhubusercontent.com/ngircd/ngircd/develop/logo.png
   ✗ Could not find icon

📦 nzbhydra2
   Repo: https://github.com/theotherp/nzbhydra2
   Trying: logo.png, icon.png...
   → https://rawhubusercontent.com/theotherp/nzbhydra2/master/logo.png
   → https://rawhubusercontent.com/theotherp/nzbhydra2/main/logo.png
   → https://rawhubusercontent.com/theotherp/nzbhydra2/develop/logo.png
   → https://rawhubusercontent.com/theotherp/nzbhydra2/master/icon.png
   → https://rawhubusercontent.com/theotherp/nzbhydra2/main/icon.png
   → https://rawhubusercontent.com/theotherp/nzbhydra2/develop/icon.png
   ✗ Could not find icon

📦 obsidian
   Repo: https://github.com/obsidianmd/obsidian-releases
   Trying: logo.svg, icon.svg...
   → https://rawhubusercontent.com/obsidianmd/obsidian-releases/master/logo.svg
   → https://rawhubusercontent.com/obsidianmd/obsidian-releases/main/logo.svg
   → https://rawhubusercontent.com/obsidianmd/obsidian-releases/develop/logo.svg
   → https://rawhubusercontent.com/obsidianmd/obsidian-releases/master/icon.svg
   → https://rawhubusercontent.com/obsidianmd/obsidian-releases/main/icon.svg
   → https://rawhubusercontent.com/obsidianmd/obsidian-releases/develop/icon.svg
   ✗ Could not find icon

📦 ombi
   Repo: https://github.com/Ombi-app/Ombi
   Trying: logo.png, icon.png...
   → https://rawhubusercontent.com/Ombi-app/Ombi/master/logo.png
   → https://rawhubusercontent.com/Ombi-app/Ombi/main/logo.png
   → https://rawhubusercontent.com/Ombi-app/Ombi/develop/logo.png
   → https://rawhubusercontent.com/Ombi-app/Ombi/master/icon.png
   → https://rawhubusercontent.com/Ombi-app/Ombi/main/icon.png
   → https://rawhubusercontent.com/Ombi-app/Ombi/develop/icon.png
   ✗ Could not find icon

📦 opencode
   Repo: https://github.com/michidk/opencode
   Trying: logo.svg, icon.svg...
   → https://rawhubusercontent.com/michidk/opencode/master/logo.svg
   → https://rawhubusercontent.com/michidk/opencode/main/logo.svg
   → https://rawhubusercontent.com/michidk/opencode/develop/logo.svg
   → https://rawhubusercontent.com/michidk/opencode/master/icon.svg
   → https://rawhubusercontent.com/michidk/opencode/main/icon.svg
   → https://rawhubusercontent.com/michidk/opencode/develop/icon.svg
   ✗ Could not find icon

📦 openssh-server
   Repo: https://github.com/openssh/openssh-portable
   Trying: logo.png, icon.png...
   → https://rawhubusercontent.com/openssh/openssh-portable/master/logo.png
   → https://rawhubusercontent.com/openssh/openssh-portable/main/logo.png
   → https://rawhubusercontent.com/openssh/openssh-portable/develop/logo.png
   → https://rawhubusercontent.com/openssh/openssh-portable/master/icon.png
   → https://rawhubusercontent.com/openssh/openssh-portable/main/icon.png
   → https://rawhubusercontent.com/openssh/openssh-portable/develop/icon.png
   ✗ Could not find icon

📦 openvscode-server
   Repo: https://github.com/gitpod-io/openvscode-server
   Trying: icon.svg, logo.svg...
   → https://rawhubusercontent.com/gitpod-io/openvscode-server/master/icon.svg
   → https://rawhubusercontent.com/gitpod-io/openvscode-server/main/icon.svg
   → https://rawhubusercontent.com/gitpod-io/openvscode-server/develop/icon.svg
   → https://rawhubusercontent.com/gitpod-io/openvscode-server/master/logo.svg
   → https://rawhubusercontent.com/gitpod-io/openvscode-server/main/logo.svg
   → https://rawhubusercontent.com/gitpod-io/openvscode-server/develop/logo.svg
   ✗ Could not find icon

📦 oscam
   Repo: https://github.com/E2OpenPlugins/oscam-oe-alliance
   Trying: oscam.png, logo.png...
   → https://rawhubusercontent.com/E2OpenPlugins/oscam-oe-alliance/master/oscam.png
   → https://rawhubusercontent.com/E2OpenPlugins/oscam-oe-alliance/main/oscam.png
   → https://rawhubusercontent.com/E2OpenPlugins/oscam-oe-alliance/develop/oscam.png
   → https://rawhubusercontent.com/E2OpenPlugins/oscam-oe-alliance/master/logo.png
   → https://rawhubusercontent.com/E2OpenPlugins/oscam-oe-alliance/main/logo.png
   → https://rawhubusercontent.com/E2OpenPlugins/oscam-oe-alliance/develop/logo.png
   ✗ Could not find icon

📦 pairdrop
   Repo: https://github.com/schlagmichdoch/PairDrop
   Trying: logo.svg, icon.svg...
   → https://rawhubusercontent.com/schlagmichdoch/PairDrop/master/logo.svg
   → https://rawhubusercontent.com/schlagmichdoch/PairDrop/main/logo.svg
   → https://rawhubusercontent.com/schlagmichdoch/PairDrop/develop/logo.svg
   → https://rawhubusercontent.com/schlagmichdoch/PairDrop/master/icon.svg
   → https://rawhubusercontent.com/schlagmichdoch/PairDrop/main/icon.svg
   → https://rawhubusercontent.com/schlagmichdoch/PairDrop/develop/icon.svg
   ✗ Could not find icon

📦 phpmyadmin
   Repo: https://github.com/phpmyadmin/phpmyadmin
   Trying: themes/pmahomme/img/logo_right.png, logo.png...
   → https://rawhubusercontent.com/phpmyadmin/phpmyadmin/master/themes/pmahomme/img/logo_right.png
   → https://rawhubusercontent.com/phpmyadmin/phpmyadmin/main/themes/pmahomme/img/logo_right.png
   → https://rawhubusercontent.com/phpmyadmin/phpmyadmin/develop/themes/pmahomme/img/logo_right.png
   → https://rawhubusercontent.com/phpmyadmin/phpmyadmin/master/logo.png
   → https://rawhubusercontent.com/phpmyadmin/phpmyadmin/main/logo.png
   → https://rawhubusercontent.com/phpmyadmin/phpmyadmin/develop/logo.png
   ✗ Could not find icon

📦 piper
   Repo: https://github.com/rhasspy/piper
   Trying: docs/images/piper-logo.png, logo.png...
   → https://rawhubusercontent.com/rhasspy/piper/master/docs/images/piper-logo.png
   → https://rawhubusercontent.com/rhasspy/piper/main/docs/images/piper-logo.png
   → https://rawhubusercontent.com/rhasspy/piper/develop/docs/images/piper-logo.png
   → https://rawhubusercontent.com/rhasspy/piper/master/logo.png
   → https://rawhubusercontent.com/rhasspy/piper/main/logo.png
   → https://rawhubusercontent.com/rhasspy/piper/develop/logo.png
   ✗ Could not find icon

📦 planka
   Repo: https://github.com/plankanban/planka
   Trying: logo.svg, icon.svg...
   → https://rawhubusercontent.com/plankanban/planka/master/logo.svg
   → https://rawhubusercontent.com/plankanban/planka/main/logo.svg
   → https://rawhubusercontent.com/plankanban/planka/develop/logo.svg
   → https://rawhubusercontent.com/plankanban/planka/master/icon.svg
   → https://rawhubusercontent.com/plankanban/planka/main/icon.svg
   → https://rawhubusercontent.com/plankanban/planka/develop/icon.svg
   ✗ Could not find icon

📦 projectsend
   Repo: https://github.com/projectsend/projectsend
   Trying: img/logo.png, logo.png...
   → https://rawhubusercontent.com/projectsend/projectsend/master/img/logo.png
   → https://rawhubusercontent.com/projectsend/projectsend/main/img/logo.png
   → https://rawhubusercontent.com/projectsend/projectsend/develop/img/logo.png
   → https://rawhubusercontent.com/projectsend/projectsend/master/logo.png
   → https://rawhubusercontent.com/projectsend/projectsend/main/logo.png
   → https://rawhubusercontent.com/projectsend/projectsend/develop/logo.png
   ✗ Could not find icon

📦 pwndrop
   Repo: https://github.com/kd8bny/pwndrop
   Trying: logo.png, icon.png...
   → https://rawhubusercontent.com/kd8bny/pwndrop/master/logo.png
   → https://rawhubusercontent.com/kd8bny/pwndrop/main/logo.png
   → https://rawhubusercontent.com/kd8bny/pwndrop/develop/logo.png
   → https://rawhubusercontent.com/kd8bny/pwndrop/master/icon.png
   → https://rawhubusercontent.com/kd8bny/pwndrop/main/icon.png
   → https://rawhubusercontent.com/kd8bny/pwndrop/develop/icon.png
   ✗ Could not find icon

📦 pydio-cells
   Repo: https://github.com/pydio/cells
   Trying: logo.png, icon.png...
   → https://rawhubusercontent.com/pydio/cells/master/logo.png
   → https://rawhubusercontent.com/pydio/cells/main/logo.png
   → https://rawhubusercontent.com/pydio/cells/develop/logo.png
   → https://rawhubusercontent.com/pydio/cells/master/icon.png
   → https://rawhubusercontent.com/pydio/cells/main/icon.png
   → https://rawhubusercontent.com/pydio/cells/develop/icon.png
   ✗ Could not find icon

📦 pyload-ng
   Repo: https://github.com/pyload/pyload
   Trying: docs/logo.svg, logo.svg...
   → https://rawhubusercontent.com/pyload/pyload/master/docs/logo.svg
   → https://rawhubusercontent.com/pyload/pyload/main/docs/logo.svg
   → https://rawhubusercontent.com/pyload/pyload/develop/docs/logo.svg
   → https://rawhubusercontent.com/pyload/pyload/master/logo.svg
   → https://rawhubusercontent.com/pyload/pyload/main/logo.svg
   → https://rawhubusercontent.com/pyload/pyload/develop/logo.svg
   ✗ Could not find icon

📊 Progress: 0 success, 60 failed, 0 skipped

📦 raneto
   Repo: https://github.com/gilbitron/Raneto
   Trying: public/logo.png, logo.png...
   → https://rawhubusercontent.com/gilbitron/Raneto/master/public/logo.png
   → https://rawhubusercontent.com/gilbitron/Raneto/main/public/logo.png
   → https://rawhubusercontent.com/gilbitron/Raneto/develop/public/logo.png
   → https://rawhubusercontent.com/gilbitron/Raneto/master/logo.png
   → https://rawhubusercontent.com/gilbitron/Raneto/main/logo.png
   → https://rawhubusercontent.com/gilbitron/Raneto/develop/logo.png
   ✗ Could not find icon

📦 rsnapshot
   Repo: https://github.com/rsnapshot/rsnapshot
   Trying: logo.png, icon.png...
   → https://rawhubusercontent.com/rsnapshot/rsnapshot/master/logo.png
   → https://rawhubusercontent.com/rsnapshot/rsnapshot/main/logo.png
   → https://rawhubusercontent.com/rsnapshot/rsnapshot/develop/logo.png
   → https://rawhubusercontent.com/rsnapshot/rsnapshot/master/icon.png
   → https://rawhubusercontent.com/rsnapshot/rsnapshot/main/icon.png
   → https://rawhubusercontent.com/rsnapshot/rsnapshot/develop/icon.png
   ✗ Could not find icon

📦 sealskin
   Repo: https://github.com/linuxserver/sealskin
   Trying: logo.png, icon.png...
   → https://rawhubusercontent.com/linuxserver/sealskin/master/logo.png
   → https://rawhubusercontent.com/linuxserver/sealskin/main/logo.png
   → https://rawhubusercontent.com/linuxserver/sealskin/develop/logo.png
   → https://rawhubusercontent.com/linuxserver/sealskin/master/icon.png
   → https://rawhubusercontent.com/linuxserver/sealskin/main/icon.png
   → https://rawhubusercontent.com/linuxserver/sealskin/develop/icon.png
   ✗ Could not find icon

📦 sickgear
   Repo: https://github.com/SickGear/SickGear
   Trying: logo.png, icon.png...
   → https://rawhubusercontent.com/SickGear/SickGear/master/logo.png
   → https://rawhubusercontent.com/SickGear/SickGear/main/logo.png
   → https://rawhubusercontent.com/SickGear/SickGear/develop/logo.png
   → https://rawhubusercontent.com/SickGear/SickGear/master/icon.png
   → https://rawhubusercontent.com/SickGear/SickGear/main/icon.png
   → https://rawhubusercontent.com/SickGear/SickGear/develop/icon.png
   ✗ Could not find icon

📦 smokeping
   Repo: https://github.com/oetiker/SmokePing
   Trying: logo.png, icon.png...
   → https://rawhubusercontent.com/oetiker/SmokePing/master/logo.png
   → https://rawhubusercontent.com/oetiker/SmokePing/main/logo.png
   → https://rawhubusercontent.com/oetiker/SmokePing/develop/logo.png
   → https://rawhubusercontent.com/oetiker/SmokePing/master/icon.png
   → https://rawhubusercontent.com/oetiker/SmokePing/main/icon.png
   → https://rawhubusercontent.com/oetiker/SmokePing/develop/icon.png
   ✗ Could not find icon

📦 speedtest-tracker
   Repo: https://github.com/alexjustesen/speedtest-tracker
   Trying: logo.svg, icon.svg...
   → https://rawhubusercontent.com/alexjustesen/speedtest-tracker/master/logo.svg
   → https://rawhubusercontent.com/alexjustesen/speedtest-tracker/main/logo.svg
   → https://rawhubusercontent.com/alexjustesen/speedtest-tracker/develop/logo.svg
   → https://rawhubusercontent.com/alexjustesen/speedtest-tracker/master/icon.svg
   → https://rawhubusercontent.com/alexjustesen/speedtest-tracker/main/icon.svg
   → https://rawhubusercontent.com/alexjustesen/speedtest-tracker/develop/icon.svg
   ✗ Could not find icon

📦 spotube
   Repo: https://github.com/KRTirtho/spotube
   Trying: assets/logo.svg, logo.svg...
   → https://rawhubusercontent.com/KRTirtho/spotube/master/assets/logo.svg
   → https://rawhubusercontent.com/KRTirtho/spotube/main/assets/logo.svg
   → https://rawhubusercontent.com/KRTirtho/spotube/develop/assets/logo.svg
   → https://rawhubusercontent.com/KRTirtho/spotube/master/logo.svg
   → https://rawhubusercontent.com/KRTirtho/spotube/main/logo.svg
   → https://rawhubusercontent.com/KRTirtho/spotube/develop/logo.svg
   ✗ Could not find icon

📦 swag
   Repo: https://github.com/linuxserver/docker-swag
   Trying: logo.png, icon.png...
   → https://rawhubusercontent.com/linuxserver/docker-swag/master/logo.png
   → https://rawhubusercontent.com/linuxserver/docker-swag/main/logo.png
   → https://rawhubusercontent.com/linuxserver/docker-swag/develop/logo.png
   → https://rawhubusercontent.com/linuxserver/docker-swag/master/icon.png
   → https://rawhubusercontent.com/linuxserver/docker-swag/main/icon.png
   → https://rawhubusercontent.com/linuxserver/docker-swag/develop/icon.png
   ✗ Could not find icon

📦 syncthing
   Repo: https://github.com/syncthing/syncthing
   Trying: assets/logo-only.svg, logo.svg...
   → https://rawhubusercontent.com/syncthing/syncthing/master/assets/logo-only.svg
   → https://rawhubusercontent.com/syncthing/syncthing/main/assets/logo-only.svg
   → https://rawhubusercontent.com/syncthing/syncthing/develop/assets/logo-only.svg
   → https://rawhubusercontent.com/syncthing/syncthing/master/logo.svg
   → https://rawhubusercontent.com/syncthing/syncthing/main/logo.svg
   → https://rawhubusercontent.com/syncthing/syncthing/develop/logo.svg
   ✗ Could not find icon

📦 syslog-ng
   Repo: https://github.com/syslog-ng/syslog-ng
   Trying: logo.png, icon.png...
   → https://rawhubusercontent.com/syslog-ng/syslog-ng/master/logo.png
   → https://rawhubusercontent.com/syslog-ng/syslog-ng/main/logo.png
   → https://rawhubusercontent.com/syslog-ng/syslog-ng/develop/logo.png
   → https://rawhubusercontent.com/syslog-ng/syslog-ng/master/icon.png
   → https://rawhubusercontent.com/syslog-ng/syslog-ng/main/icon.png
   → https://rawhubusercontent.com/syslog-ng/syslog-ng/develop/icon.png
   ✗ Could not find icon

📦 tautulli
   Repo: https://github.com/Tautulli/Tautulli
   Trying: logo.png, icon.png...
   → https://rawhubusercontent.com/Tautulli/Tautulli/master/logo.png
   → https://rawhubusercontent.com/Tautulli/Tautulli/main/logo.png
   → https://rawhubusercontent.com/Tautulli/Tautulli/develop/logo.png
   → https://rawhubusercontent.com/Tautulli/Tautulli/master/icon.png
   → https://rawhubusercontent.com/Tautulli/Tautulli/main/icon.png
   → https://rawhubusercontent.com/Tautulli/Tautulli/develop/icon.png
   ✗ Could not find icon

📦 telegram
   Repo: https://github.com/tdlib/td
   Trying: logo.svg, icon.svg...
   → https://rawhubusercontent.com/tdlib/td/master/logo.svg
   → https://rawhubusercontent.com/tdlib/td/main/logo.svg
   → https://rawhubusercontent.com/tdlib/td/develop/logo.svg
   → https://rawhubusercontent.com/tdlib/td/master/icon.svg
   → https://rawhubusercontent.com/tdlib/td/main/icon.svg
   → https://rawhubusercontent.com/tdlib/td/develop/icon.svg
   ✗ Could not find icon

📦 thelounge
   Repo: https://github.com/thelounge/thelounge
   Trying: public/logo.svg, logo.svg...
   → https://rawhubusercontent.com/thelounge/thelounge/master/public/logo.svg
   → https://rawhubusercontent.com/thelounge/thelounge/main/public/logo.svg
   → https://rawhubusercontent.com/thelounge/thelounge/develop/public/logo.svg
   → https://rawhubusercontent.com/thelounge/thelounge/master/logo.svg
   → https://rawhubusercontent.com/thelounge/thelounge/main/logo.svg
   → https://rawhubusercontent.com/thelounge/thelounge/develop/logo.svg
   ✗ Could not find icon

📦 tvheadend
   Repo: https://github.com/tvheadend/tvheadend
   Trying: logo.png, icon.png...
   → https://rawhubusercontent.com/tvheadend/tvheadend/master/logo.png
   → https://rawhubusercontent.com/tvheadend/tvheadend/main/logo.png
   → https://rawhubusercontent.com/tvheadend/tvheadend/develop/logo.png
   → https://rawhubusercontent.com/tvheadend/tvheadend/master/icon.png
   → https://rawhubusercontent.com/tvheadend/tvheadend/main/icon.png
   → https://rawhubusercontent.com/tvheadend/tvheadend/develop/icon.png
   ✗ Could not find icon

📦 unifi-network-application
   Repo: https://github.com/ubiquiti/UiOS
   Trying: logo.png, icon.png...
   → https://rawhubusercontent.com/ubiquiti/UiOS/master/logo.png
   → https://rawhubusercontent.com/ubiquiti/UiOS/main/logo.png
   → https://rawhubusercontent.com/ubiquiti/UiOS/develop/logo.png
   → https://rawhubusercontent.com/ubiquiti/UiOS/master/icon.png
   → https://rawhubusercontent.com/ubiquiti/UiOS/main/icon.png
   → https://rawhubusercontent.com/ubiquiti/UiOS/develop/icon.png
   ✗ Could not find icon

📦 webgrabplus
   Repo: https://github.com/mhubbard/webgrabplus
   Trying: logo.png, icon.png...
   → https://rawhubusercontent.com/mhubbard/webgrabplus/master/logo.png
   → https://rawhubusercontent.com/mhubbard/webgrabplus/main/logo.png
   → https://rawhubusercontent.com/mhubbard/webgrabplus/develop/logo.png
   → https://rawhubusercontent.com/mhubbard/webgrabplus/master/icon.png
   → https://rawhubusercontent.com/mhubbard/webgrabplus/main/icon.png
   → https://rawhubusercontent.com/mhubbard/webgrabplus/develop/icon.png
   ✗ Could not find icon

📦 wikijs
   Repo: https://github.com/requarks/wiki
   Trying: logo.png, icon.png...
   → https://rawhubusercontent.com/requarks/wiki/master/logo.png
   → https://rawhubusercontent.com/requarks/wiki/main/logo.png
   → https://rawhubusercontent.com/requarks/wiki/develop/logo.png
   → https://rawhubusercontent.com/requarks/wiki/master/icon.png
   → https://rawhubusercontent.com/requarks/wiki/main/icon.png
   → https://rawhubusercontent.com/requarks/wiki/develop/icon.png
   ✗ Could not find icon

📦 wireguard
   Repo: https://github.com/WireGuard/wireguard-linux-compat
   Trying: logo.svg, wireguard-logo.svg...
   → https://rawhubusercontent.com/WireGuard/wireguard-linux-compat/master/logo.svg
   → https://rawhubusercontent.com/WireGuard/wireguard-linux-compat/main/logo.svg
   → https://rawhubusercontent.com/WireGuard/wireguard-linux-compat/develop/logo.svg
   → https://rawhubusercontent.com/WireGuard/wireguard-linux-compat/master/wireguard-logo.svg
   → https://rawhubusercontent.com/WireGuard/wireguard-linux-compat/main/wireguard-logo.svg
   → https://rawhubusercontent.com/WireGuard/wireguard-linux-compat/develop/wireguard-logo.svg
   ✗ Could not find icon

📦 wireshark
   Repo: https://github.com/wireshark/wireshark
   Trying: resources/icons/wireshark-logo.png, logo.png...
   → https://rawhubusercontent.com/wireshark/wireshark/master/resources/icons/wireshark-logo.png
   → https://rawhubusercontent.com/wireshark/wireshark/main/resources/icons/wireshark-logo.png
   → https://rawhubusercontent.com/wireshark/wireshark/develop/resources/icons/wireshark-logo.png
   → https://rawhubusercontent.com/wireshark/wireshark/master/logo.png
   → https://rawhubusercontent.com/wireshark/wireshark/main/logo.png
   → https://rawhubusercontent.com/wireshark/wireshark/develop/logo.png
   ✗ Could not find icon

📦 xbackbone
   Repo: https://github.com/SergiX44/XBackBone
   Trying: logo.png, icon.png...
   → https://rawhubusercontent.com/SergiX44/XBackBone/master/logo.png
   → https://rawhubusercontent.com/SergiX44/XBackBone/main/logo.png
   → https://rawhubusercontent.com/SergiX44/XBackBone/develop/logo.png
   → https://rawhubusercontent.com/SergiX44/XBackBone/master/icon.png
   → https://rawhubusercontent.com/SergiX44/XBackBone/main/icon.png
   → https://rawhubusercontent.com/SergiX44/XBackBone/develop/icon.png
   ✗ Could not find icon

📊 Progress: 0 success, 80 failed, 0 skipped

📦 your-spotify
   Repo: https://github.com/Yooooomi/your_spotify
   Trying: web/public/logo.svg, logo.svg...
   → https://rawhubusercontent.com/Yooooomi/your_spotify/master/web/public/logo.svg
   → https://rawhubusercontent.com/Yooooomi/your_spotify/main/web/public/logo.svg
   → https://rawhubusercontent.com/Yooooomi/your_spotify/develop/web/public/logo.svg
   → https://rawhubusercontent.com/Yooooomi/your_spotify/master/logo.svg
   → https://rawhubusercontent.com/Yooooomi/your_spotify/main/logo.svg
   → https://rawhubusercontent.com/Yooooomi/your_spotify/develop/logo.svg
   ✗ Could not find icon

======================================================================
SUMMARY: 0 successful, 81 failed, 0 skipped
======================================================================
